[INFO] Scanning for projects...
[INFO] 
[INFO] ----------------------< com.ccthub:user-service >-----------------------
[INFO] Building user-service 0.0.1-SNAPSHOT
[INFO]   from pom.xml
[INFO] --------------------------------[ jar ]---------------------------------
[INFO] 
[INFO] >>> spring-boot:3.1.4:run (default-cli) > test-compile @ user-service >>>
[WARNING] The artifact mysql:mysql-connector-java:jar:8.0.33 has been relocated to com.mysql:mysql-connector-j:jar:8.0.33: MySQL Connector/J artifacts moved to reverse-DNS compliant Maven 2+ coordinates.
[INFO] 
[INFO] --- jacoco:0.8.10:prepare-agent (prepare-agent) @ user-service ---
[INFO] argLine set to -javaagent:/Users/like/.m2/repository/org/jacoco/org.jacoco.agent/0.8.10/org.jacoco.agent-0.8.10-runtime.jar=destfile=/Users/like/CCTHub/backend/user-service/target/jacoco.exec
[INFO] 
[INFO] --- resources:3.3.1:resources (default-resources) @ user-service ---
[INFO] Copying 1 resource from src/main/resources to target/classes
[INFO] Copying 12 resources from src/main/resources to target/classes
[INFO] 
[INFO] --- compiler:3.11.0:compile (default-compile) @ user-service ---
[INFO] Nothing to compile - all classes are up to date
[INFO] 
[INFO] --- resources:3.3.1:testResources (default-testResources) @ user-service ---
[INFO] skip non existing resourceDirectory /Users/like/CCTHub/backend/user-service/src/test/resources
[INFO] 
[INFO] --- compiler:3.11.0:testCompile (default-testCompile) @ user-service ---
[INFO] Changes detected - recompiling the module! :source
[INFO] Compiling 6 source files with javac [debug release 17] to target/test-classes
[INFO] 
[INFO] <<< spring-boot:3.1.4:run (default-cli) < test-compile @ user-service <<<
[INFO] 
[INFO] 
[INFO] --- spring-boot:3.1.4:run (default-cli) @ user-service ---
[INFO] Attaching agents: []

  .   ____          _            __ _ _
 /\\ / ___'_ __ _ _(_)_ __  __ _ \ \ \ \
( ( )\___ | '_ | '_| | '_ \/ _` | \ \ \ \
 \\/  ___)| |_)| | | | | || (_| |  ) ) ) )
  '  |____| .__|_| |_|_| |_\__, | / / / /
 =========|_|==============|___/=/_/_/_/
 :: Spring Boot ::                (v3.1.4)

2025-12-15T21:30:53.795+08:00  INFO 85568 --- [           main] c.c.userservice.UserServiceApplication   : Starting UserServiceApplication using Java 17.0.12 with PID 85568 (/Users/like/CCTHub/backend/user-service/target/classes started by like in /Users/like/CCTHub/backend/user-service)
2025-12-15T21:30:53.797+08:00 DEBUG 85568 --- [           main] c.c.userservice.UserServiceApplication   : Running with Spring Boot v3.1.4, Spring v6.0.12
2025-12-15T21:30:53.798+08:00  INFO 85568 --- [           main] c.c.userservice.UserServiceApplication   : No active profile set, falling back to 1 default profile: "default"
2025-12-15T21:30:54.348+08:00  INFO 85568 --- [           main] .s.d.r.c.RepositoryConfigurationDelegate : Bootstrapping Spring Data JPA repositories in DEFAULT mode.
2025-12-15T21:30:54.396+08:00  INFO 85568 --- [           main] .s.d.r.c.RepositoryConfigurationDelegate : Finished Spring Data repository scanning in 44 ms. Found 7 JPA repository interfaces.
2025-12-15T21:30:54.764+08:00  INFO 85568 --- [           main] o.s.b.w.embedded.tomcat.TomcatWebServer  : Tomcat initialized with port(s): 8080 (http)
2025-12-15T21:30:54.771+08:00  INFO 85568 --- [           main] o.apache.catalina.core.StandardService   : Starting service [Tomcat]
2025-12-15T21:30:54.771+08:00  INFO 85568 --- [           main] o.apache.catalina.core.StandardEngine    : Starting Servlet engine: [Apache Tomcat/10.1.13]
2025-12-15T21:30:54.835+08:00  INFO 85568 --- [           main] o.a.c.c.C.[Tomcat].[localhost].[/]       : Initializing Spring embedded WebApplicationContext
2025-12-15T21:30:54.837+08:00  INFO 85568 --- [           main] w.s.c.ServletWebServerApplicationContext : Root WebApplicationContext: initialization completed in 983 ms
2025-12-15T21:30:54.956+08:00  INFO 85568 --- [           main] o.hibernate.jpa.internal.util.LogHelper  : HHH000204: Processing PersistenceUnitInfo [name: default]
2025-12-15T21:30:54.988+08:00  INFO 85568 --- [           main] org.hibernate.Version                    : HHH000412: Hibernate ORM core version 6.2.9.Final
2025-12-15T21:30:54.989+08:00  INFO 85568 --- [           main] org.hibernate.cfg.Environment            : HHH000406: Using bytecode reflection optimizer
2025-12-15T21:30:55.083+08:00  INFO 85568 --- [           main] o.h.b.i.BytecodeProviderInitiator        : HHH000021: Bytecode provider name : bytebuddy
2025-12-15T21:30:55.166+08:00  INFO 85568 --- [           main] o.s.o.j.p.SpringPersistenceUnitInfo      : No LoadTimeWeaver setup: ignoring JPA class transformer
2025-12-15T21:30:55.176+08:00  INFO 85568 --- [           main] com.zaxxer.hikari.HikariDataSource       : HikariPool-1 - Starting...
2025-12-15T21:30:55.289+08:00  INFO 85568 --- [           main] com.zaxxer.hikari.pool.HikariPool        : HikariPool-1 - Added connection com.mysql.cj.jdbc.ConnectionImpl@7893c715
2025-12-15T21:30:55.291+08:00  INFO 85568 --- [           main] com.zaxxer.hikari.HikariDataSource       : HikariPool-1 - Start completed.
2025-12-15T21:30:55.319+08:00  WARN 85568 --- [           main] org.hibernate.orm.deprecation            : HHH90000026: MySQL8Dialect has been deprecated; use org.hibernate.dialect.MySQLDialect instead
2025-12-15T21:30:55.471+08:00  INFO 85568 --- [           main] o.h.b.i.BytecodeProviderInitiator        : HHH000021: Bytecode provider name : bytebuddy
2025-12-15T21:30:55.948+08:00  INFO 85568 --- [           main] o.h.e.t.j.p.i.JtaPlatformInitiator       : HHH000490: Using JtaPlatform implementation: [org.hibernate.engine.transaction.jta.platform.internal.NoJtaPlatform]
2025-12-15T21:30:55.996+08:00  INFO 85568 --- [           main] j.LocalContainerEntityManagerFactoryBean : Initialized JPA EntityManagerFactory for persistence unit 'default'
2025-12-15T21:30:56.276+08:00  INFO 85568 --- [           main] o.s.d.j.r.query.QueryEnhancerFactory     : Hibernate is in classpath; If applicable, HQL parser will be used.
2025-12-15T21:30:56.714+08:00  WARN 85568 --- [           main] JpaBaseConfiguration$JpaWebConfiguration : spring.jpa.open-in-view is enabled by default. Therefore, database queries may be performed during view rendering. Explicitly configure spring.jpa.open-in-view to disable this warning
2025-12-15T21:30:56.730+08:00  WARN 85568 --- [           main] .s.s.UserDetailsServiceAutoConfiguration : 

Using generated security password: e8efe828-047f-486e-ad28-6afc58c06990

This generated password is for development use only. Your security configuration must be updated before running your application in production.

2025-12-15T21:30:56.782+08:00  INFO 85568 --- [           main] o.s.s.web.DefaultSecurityFilterChain     : Will secure any request with [org.springframework.security.web.session.DisableEncodeUrlFilter@f81bd2c, org.springframework.security.web.context.request.async.WebAsyncManagerIntegrationFilter@2fedfff1, org.springframework.security.web.context.SecurityContextHolderFilter@2d7b117, org.springframework.security.web.header.HeaderWriterFilter@4271960c, org.springframework.security.web.authentication.logout.LogoutFilter@5629e904, org.springframework.security.web.savedrequest.RequestCacheAwareFilter@56ed9270, org.springframework.security.web.servletapi.SecurityContextHolderAwareRequestFilter@58de1da2, org.springframework.security.web.authentication.AnonymousAuthenticationFilter@34db5935, org.springframework.security.web.access.ExceptionTranslationFilter@67441705, org.springframework.security.web.access.intercept.AuthorizationFilter@c358f32]
2025-12-15T21:30:57.025+08:00  INFO 85568 --- [           main] o.s.b.w.embedded.tomcat.TomcatWebServer  : Tomcat started on port(s): 8080 (http) with context path ''
2025-12-15T21:30:57.032+08:00  INFO 85568 --- [           main] c.c.userservice.UserServiceApplication   : Started UserServiceApplication in 3.559 seconds (process running for 3.785)
2025-12-15T21:31:50.380+08:00  INFO 85568 --- [nio-8080-exec-1] o.a.c.c.C.[Tomcat].[localhost].[/]       : Initializing Spring DispatcherServlet 'dispatcherServlet'
2025-12-15T21:31:50.380+08:00  INFO 85568 --- [nio-8080-exec-1] o.s.web.servlet.DispatcherServlet        : Initializing Servlet 'dispatcherServlet'
2025-12-15T21:31:50.381+08:00  INFO 85568 --- [nio-8080-exec-1] o.s.web.servlet.DispatcherServlet        : Completed initialization in 1 ms
2025-12-15T21:31:55.198+08:00  WARN 85568 --- [nio-8080-exec-3] .w.s.m.s.DefaultHandlerExceptionResolver : Resolved [org.springframework.web.HttpRequestMethodNotSupportedException: Request method 'GET' is not supported]
2025-12-15T21:32:04.731+08:00  WARN 85568 --- [nio-8080-exec-5] .w.s.m.s.DefaultHandlerExceptionResolver : Resolved [org.springframework.web.HttpRequestMethodNotSupportedException: Request method 'GET' is not supported]
Hibernate: 
    select
        t1_0.id,
        t1_0.advance_days,
        t1_0.change_policy,
        t1_0.create_time,
        t1_0.description,
        t1_0.limit_per_day,
        t1_0.limit_per_order,
        t1_0.limit_per_user,
        t1_0.name,
        t1_0.refund_policy,
        t1_0.require_id_card,
        t1_0.require_real_name,
        t1_0.scenic_spot_id,
        t1_0.status,
        t1_0.type,
        t1_0.update_time,
        t1_0.valid_days,
        t1_0.validity_type,
        t1_0.verification_mode 
    from
        tickets t1_0 
    order by
        t1_0.create_time desc limit ?,
        ?
Hibernate: 
    select
        count(t1_0.id) 
    from
        tickets t1_0
Hibernate: 
    select
        s1_0.id,
        s1_0.address,
        s1_0.city,
        s1_0.contact_phone,
        s1_0.cover_image,
        s1_0.create_time,
        s1_0.district,
        s1_0.facilities,
        s1_0.images,
        s1_0.introduction,
        s1_0.latitude,
        s1_0.level,
        s1_0.longitude,
        s1_0.name,
        s1_0.notice,
        s1_0.opening_hours,
        s1_0.province,
        s1_0.status,
        s1_0.tags,
        s1_0.ticket_info,
        s1_0.traffic_info,
        s1_0.update_time,
        s1_0.view_count 
    from
        scenic_spots s1_0 
    where
        s1_0.id=?
Hibernate: 
    select
        s1_0.id,
        s1_0.address,
        s1_0.city,
        s1_0.contact_phone,
        s1_0.cover_image,
        s1_0.create_time,
        s1_0.district,
        s1_0.facilities,
        s1_0.images,
        s1_0.introduction,
        s1_0.latitude,
        s1_0.level,
        s1_0.longitude,
        s1_0.name,
        s1_0.notice,
        s1_0.opening_hours,
        s1_0.province,
        s1_0.status,
        s1_0.tags,
        s1_0.ticket_info,
        s1_0.traffic_info,
        s1_0.update_time,
        s1_0.view_count 
    from
        scenic_spots s1_0 
    where
        s1_0.id=?
[INFO] ------------------------------------------------------------------------
[INFO] BUILD FAILURE
[INFO] ------------------------------------------------------------------------
[INFO] Total time:  05:10 min
[INFO] Finished at: 2025-12-15T21:36:00+08:00
[INFO] ------------------------------------------------------------------------
[ERROR] Failed to execute goal org.springframework.boot:spring-boot-maven-plugin:3.1.4:run (default-cli) on project user-service: Process terminated with exit code: 137 -> [Help 1]
[ERROR] 
[ERROR] To see the full stack trace of the errors, re-run Maven with the -e switch.
[ERROR] Re-run Maven using the -X switch to enable full debug logging.
[ERROR] 
[ERROR] For more information about the errors and possible solutions, please read the following articles:
[ERROR] [Help 1] http://cwiki.apache.org/confluence/display/MAVEN/MojoExecutionException
